13-11-2023 16:38:40.097 [Gauge] [INFO] Initializing concepts cache with 0 concepts
13-11-2023 16:38:40.100 [Gauge] [INFO] Initializing specs cache with 0 specs
13-11-2023 16:38:40.100 [Gauge] [INFO] Initializing steps cache with 0 steps
13-11-2023 16:38:40.101 [Gauge] [INFO] Gauge daemon initialized and listening on port: 49416
13-11-2023 16:38:40.102 [Gauge] [DEBUG] Watching directory: C:\Users\HP\IdeaProjects\enUygun\specs
13-11-2023 16:38:40.103 [Gauge] [DEBUG] Found 1 files
13-11-2023 16:38:40.613 [Gauge] [DEBUG] Api Request Received: messageType:GetLanguagePluginLibPathRequest  messageId:5  libPathRequest:{language:"java"}
13-11-2023 16:38:40.627 [Gauge] [DEBUG] Sending API response: messageType:GetLanguagePluginLibPathResponse  messageId:5  libPathResponse:{path:"C:\\Users\\HP\\AppData\\Roaming\\gauge\\plugins\\java\\0.7.15\\libs"}
13-11-2023 16:40:22.029 [Gauge] [DEBUG] Watching directory: C:\Users\HP\IdeaProjects\enUygun\specs\Concepts
13-11-2023 16:40:22.029 [Gauge] [DEBUG] Found 0 files
13-11-2023 16:40:22.043 [Gauge] [DEBUG] Concept file added / modified: C:\Users\HP\IdeaProjects\enUygun\specs\Concepts\enuygun.cpt
13-11-2023 16:40:22.080 [Gauge] [DEBUG] Concept file added / modified: C:\Users\HP\IdeaProjects\enUygun\specs\Concepts\enuygun.cpt
13-11-2023 16:40:22.085 [Gauge] [DEBUG] Concept file added / modified: C:\Users\HP\IdeaProjects\enUygun\specs\Concepts\enuygun.cpt
13-11-2023 16:40:22.092 [Gauge] [DEBUG] Watching directory: C:\Users\HP\IdeaProjects\enUygun\specs\Scenarios
13-11-2023 16:40:22.092 [Gauge] [DEBUG] Found 1 files
13-11-2023 16:40:22.502 [Gauge] [DEBUG] Api Request Received: messageType:GetStepValueRequest  messageId:4  stepValueRequest:{stepText:"<url> urline gidilir."}
13-11-2023 16:40:22.503 [Gauge] [DEBUG] Sending API response: messageType:GetStepValueResponse  messageId:4  stepValueResponse:{stepValue:{stepValue:"{} urline gidilir."  parameterizedStepValue:"<url> urline gidilir."  parameters:"url"}}
13-11-2023 16:40:23.023 [Gauge] [DEBUG] Api Request Received: messageType:GetStepValueRequest  messageId:4  stepValueRequest:{stepText:" <url> sayfasına gidilir."}
13-11-2023 16:40:23.024 [Gauge] [DEBUG] Sending API response: messageType:GetStepValueResponse  messageId:4  stepValueResponse:{stepValue:{stepValue:"{} sayfasına gidilir."  parameterizedStepValue:"<url> sayfasına gidilir."  parameters:"url"}}
13-11-2023 16:40:23.024 [Gauge] [DEBUG] Api Request Received: messageType:GetStepValueRequest  messageId:4  stepValueRequest:{stepText:" Nereden alanına <text> yazılır ve <text2> seçilir."}
13-11-2023 16:40:23.024 [Gauge] [DEBUG] Sending API response: messageType:GetStepValueResponse  messageId:4  stepValueResponse:{stepValue:{stepValue:"Nereden alanına {} yazılır ve {} seçilir."  parameterizedStepValue:"Nereden alanına <text> yazılır ve <text2> seçilir."  parameters:"text"  parameters:"text2"}}
13-11-2023 16:40:23.025 [Gauge] [DEBUG] Api Request Received: messageType:GetStepValueRequest  messageId:4  stepValueRequest:{stepText:" Nereye alanına <text> yazılır ve <text2> seçilir."}
13-11-2023 16:40:23.025 [Gauge] [DEBUG] Sending API response: messageType:GetStepValueResponse  messageId:4  stepValueResponse:{stepValue:{stepValue:"Nereye alanına {} yazılır ve {} seçilir."  parameterizedStepValue:"Nereye alanına <text> yazılır ve <text2> seçilir."  parameters:"text"  parameters:"text2"}}
13-11-2023 16:40:23.025 [Gauge] [DEBUG] Api Request Received: messageType:GetStepValueRequest  messageId:4  stepValueRequest:{stepText:" Gidiş tarihi alanından gün <gun> tarih <tarih> olarak seçilir."}
13-11-2023 16:40:23.026 [Gauge] [DEBUG] Sending API response: messageType:GetStepValueResponse  messageId:4  stepValueResponse:{stepValue:{stepValue:"Gidiş tarihi alanından gün {} tarih {} olarak seçilir."  parameterizedStepValue:"Gidiş tarihi alanından gün <gun> tarih <tarih> olarak seçilir."  parameters:"gun"  parameters:"tarih"}}
13-11-2023 16:40:23.027 [Gauge] [DEBUG] Api Request Received: messageType:GetStepValueRequest  messageId:4  stepValueRequest:{stepText:" Dönüş tarihi alanından gün <gun> tarih <tarih> olarak seçilir."}
13-11-2023 16:40:23.027 [Gauge] [DEBUG] Sending API response: messageType:GetStepValueResponse  messageId:4  stepValueResponse:{stepValue:{stepValue:"Dönüş tarihi alanından gün {} tarih {} olarak seçilir."  parameterizedStepValue:"Dönüş tarihi alanından gün <gun> tarih <tarih> olarak seçilir."  parameters:"gun"  parameters:"tarih"}}
13-11-2023 16:40:23.028 [Gauge] [DEBUG] Api Request Received: messageType:GetStepValueRequest  messageId:4  stepValueRequest:{stepText:" Aktarmasız checkbox işaretlenir."}
13-11-2023 16:40:23.028 [Gauge] [DEBUG] Sending API response: messageType:GetStepValueResponse  messageId:4  stepValueResponse:{stepValue:{stepValue:"Aktarmasız checkbox işaretlenir."  parameterizedStepValue:"Aktarmasız checkbox işaretlenir."}}
13-11-2023 16:40:23.028 [Gauge] [DEBUG] Api Request Received: messageType:GetStepValueRequest  messageId:4  stepValueRequest:{stepText:" Yolcu seçme alanına tıklanır."}
13-11-2023 16:40:23.028 [Gauge] [DEBUG] Sending API response: messageType:GetStepValueResponse  messageId:4  stepValueResponse:{stepValue:{stepValue:"Yolcu seçme alanına tıklanır."  parameterizedStepValue:"Yolcu seçme alanına tıklanır."}}
13-11-2023 16:40:23.029 [Gauge] [DEBUG] Api Request Received: messageType:GetStepValueRequest  messageId:4  stepValueRequest:{stepText:" Yolcu alanından <text> sayısı <kez> artırılır."}
13-11-2023 16:40:23.029 [Gauge] [DEBUG] Sending API response: messageType:GetStepValueResponse  messageId:4  stepValueResponse:{stepValue:{stepValue:"Yolcu alanından {} sayısı {} artırılır."  parameterizedStepValue:"Yolcu alanından <text> sayısı <kez> artırılır."  parameters:"text"  parameters:"kez"}}
13-11-2023 16:40:23.029 [Gauge] [DEBUG] Api Request Received: messageType:GetStepValueRequest  messageId:4  stepValueRequest:{stepText:" Yolcu alanından <text> sayısı <text2> olduğu kontrol edilir."}
13-11-2023 16:40:23.030 [Gauge] [DEBUG] Sending API response: messageType:GetStepValueResponse  messageId:4  stepValueResponse:{stepValue:{stepValue:"Yolcu alanından {} sayısı {} olduğu kontrol edilir."  parameterizedStepValue:"Yolcu alanından <text> sayısı <text2> olduğu kontrol edilir."  parameters:"text"  parameters:"text2"}}
13-11-2023 16:40:23.030 [Gauge] [DEBUG] Api Request Received: messageType:GetStepValueRequest  messageId:4  stepValueRequest:{stepText:" Bilet sınıfı <text> olarak seçilir."}
13-11-2023 16:40:23.030 [Gauge] [DEBUG] Sending API response: messageType:GetStepValueResponse  messageId:4  stepValueResponse:{stepValue:{stepValue:"Bilet sınıfı {} olarak seçilir."  parameterizedStepValue:"Bilet sınıfı <text> olarak seçilir."  parameters:"text"}}
13-11-2023 16:40:23.031 [Gauge] [DEBUG] Api Request Received: messageType:GetStepValueRequest  messageId:4  stepValueRequest:{stepText:" Tamam butonuna tıklanır."}
13-11-2023 16:40:23.031 [Gauge] [DEBUG] Sending API response: messageType:GetStepValueResponse  messageId:4  stepValueResponse:{stepValue:{stepValue:"Tamam butonuna tıklanır."  parameterizedStepValue:"Tamam butonuna tıklanır."}}
13-11-2023 16:40:23.031 [Gauge] [DEBUG] Api Request Received: messageType:GetStepValueRequest  messageId:4  stepValueRequest:{stepText:" Ucuz Bilet bul butonuna tıklanır."}
13-11-2023 16:40:23.031 [Gauge] [DEBUG] Sending API response: messageType:GetStepValueResponse  messageId:4  stepValueResponse:{stepValue:{stepValue:"Ucuz Bilet bul butonuna tıklanır."  parameterizedStepValue:"Ucuz Bilet bul butonuna tıklanır."}}
13-11-2023 16:40:23.032 [Gauge] [DEBUG] Api Request Received: messageType:GetStepValueRequest  messageId:4  stepValueRequest:{stepText:" Uçak biletlerinin geldiği kontrol edilir."}
13-11-2023 16:40:23.032 [Gauge] [DEBUG] Sending API response: messageType:GetStepValueResponse  messageId:4  stepValueResponse:{stepValue:{stepValue:"Uçak biletlerinin geldiği kontrol edilir."  parameterizedStepValue:"Uçak biletlerinin geldiği kontrol edilir."}}
13-11-2023 16:40:23.061 [Gauge] [DEBUG] Api Request Received: messageType:GetStepValueRequest  messageId:4  stepValueRequest:{stepText:"\"OriginInput\" selectorlu tipi \"id\" olan elemente <text> yaz"}
13-11-2023 16:40:23.061 [Gauge] [DEBUG] Sending API response: messageType:GetStepValueResponse  messageId:4  stepValueResponse:{stepValue:{stepValue:"{} selectorlu tipi {} olan elemente {} yaz"  parameterizedStepValue:"<OriginInput> selectorlu tipi <id> olan elemente <text> yaz"  parameters:"OriginInput"  parameters:"id"  parameters:"text"}}
13-11-2023 16:40:23.237 [Gauge] [DEBUG] Api Request Received: messageType:GetStepValueRequest  messageId:4  stepValueRequest:{stepText:"\".airport > span\" selectorlu tipi \"css\" olan elementlerden <text2> değerine eşit olana tıkla"}
13-11-2023 16:40:23.237 [Gauge] [DEBUG] Sending API response: messageType:GetStepValueResponse  messageId:4  stepValueResponse:{stepValue:{stepValue:"{} selectorlu tipi {} olan elementlerden {} değerine eşit olana tıkla"  parameterizedStepValue:"<.airport > span> selectorlu tipi <css> olan elementlerden <text2> değerine eşit olana tıkla"  parameters:".airport > span"  parameters:"css"  parameters:"text2"}}
13-11-2023 16:40:23.582 [Gauge] [DEBUG] Api Request Received: messageType:GetStepValueRequest  messageId:4  stepValueRequest:{stepText:"\"DestinationInput\" selectorlu tipi \"id\" olan elemente <text> yaz"}
13-11-2023 16:40:23.582 [Gauge] [DEBUG] Sending API response: messageType:GetStepValueResponse  messageId:4  stepValueResponse:{stepValue:{stepValue:"{} selectorlu tipi {} olan elemente {} yaz"  parameterizedStepValue:"<DestinationInput> selectorlu tipi <id> olan elemente <text> yaz"  parameters:"DestinationInput"  parameters:"id"  parameters:"text"}}
13-11-2023 16:40:23.847 [Gauge] [DEBUG] Api Request Received: messageType:GetStepValueRequest  messageId:4  stepValueRequest:{stepText:"\"DepartureDate\" selectorlu tipi \"id\" olan elemente tıkla"}
13-11-2023 16:40:23.847 [Gauge] [DEBUG] Sending API response: messageType:GetStepValueResponse  messageId:4  stepValueResponse:{stepValue:{stepValue:"{} selectorlu tipi {} olan elemente tıkla"  parameterizedStepValue:"<DepartureDate> selectorlu tipi <id> olan elemente tıkla"  parameters:"DepartureDate"  parameters:"id"}}
13-11-2023 16:40:23.923 [Gauge] [DEBUG] Api Request Received: messageType:GetStepValueRequest  messageId:4  stepValueRequest:{stepText:"Tarih <tarih> olarak seçilir."}
13-11-2023 16:40:23.923 [Gauge] [DEBUG] Sending API response: messageType:GetStepValueResponse  messageId:4  stepValueResponse:{stepValue:{stepValue:"Tarih {} olarak seçilir."  parameterizedStepValue:"Tarih <tarih> olarak seçilir."  parameters:"tarih"}}
13-11-2023 16:40:24.031 [Gauge] [DEBUG] Api Request Received: messageType:GetStepValueRequest  messageId:4  stepValueRequest:{stepText:"\".CalendarMonth[data-visible='true'] .CalendarDay:not(.CalendarDay__blocked_out_of_range)\" selectorlu tipi \"css\" olan elementlerden <gun> değerine eşit olana tıkla"}
13-11-2023 16:40:24.031 [Gauge] [DEBUG] Sending API response: messageType:GetStepValueResponse  messageId:4  stepValueResponse:{stepValue:{stepValue:"{} selectorlu tipi {} olan elementlerden {} değerine eşit olana tıkla"  parameterizedStepValue:"<.CalendarMonth[data-visible='true'] .CalendarDay:not(.CalendarDay__blocked_out_of_range)> selectorlu tipi <css> olan elementlerden <gun> değerine eşit olana tıkla"  parameters:".CalendarMonth[data-visible='true'] .CalendarDay:not(.CalendarDay__blocked_out_of_range)"  parameters:"css"  parameters:"gun"}}
13-11-2023 16:40:24.128 [Gauge] [DEBUG] Api Request Received: messageType:GetStepValueRequest  messageId:4  stepValueRequest:{stepText:"\"ReturnDate\" selectorlu tipi \"id\" olan elemente tıkla"}
13-11-2023 16:40:24.128 [Gauge] [DEBUG] Sending API response: messageType:GetStepValueResponse  messageId:4  stepValueResponse:{stepValue:{stepValue:"{} selectorlu tipi {} olan elemente tıkla"  parameterizedStepValue:"<ReturnDate> selectorlu tipi <id> olan elemente tıkla"  parameters:"ReturnDate"  parameters:"id"}}
13-11-2023 16:40:24.438 [Gauge] [DEBUG] Api Request Received: messageType:GetStepValueRequest  messageId:4  stepValueRequest:{stepText:"\"transitFilter\" selectorlu tipi \"id\" olan elemente tıkla"}
13-11-2023 16:40:24.438 [Gauge] [DEBUG] Sending API response: messageType:GetStepValueResponse  messageId:4  stepValueResponse:{stepValue:{stepValue:"{} selectorlu tipi {} olan elemente tıkla"  parameterizedStepValue:"<transitFilter> selectorlu tipi <id> olan elemente tıkla"  parameters:"transitFilter"  parameters:"id"}}
13-11-2023 16:40:24.507 [Gauge] [DEBUG] Api Request Received: messageType:GetStepValueRequest  messageId:4  stepValueRequest:{stepText:"\".passenger-select-button\" selectorlu tipi \"css\" olan elemente tıkla"}
13-11-2023 16:40:24.508 [Gauge] [DEBUG] Sending API response: messageType:GetStepValueResponse  messageId:4  stepValueResponse:{stepValue:{stepValue:"{} selectorlu tipi {} olan elemente tıkla"  parameterizedStepValue:"<.passenger-select-button> selectorlu tipi <css> olan elemente tıkla"  parameters:".passenger-select-button"  parameters:"css"}}
13-11-2023 16:40:24.584 [Gauge] [DEBUG] Api Request Received: messageType:GetStepValueRequest  messageId:4  stepValueRequest:{stepText:"\"span[data-testid='passengerTitle']\" li tipi \"css\" olan elementlerden <text> değerine eşit olanın yanındaki \"../following-sibling::div/button[contains(@data-testid, 'passengerCountIncrease')]\" li tipi \"xpath\" elemente <kez> tıkla"}
13-11-2023 16:40:24.585 [Gauge] [DEBUG] Sending API response: messageType:GetStepValueResponse  messageId:4  stepValueResponse:{stepValue:{stepValue:"{} li tipi {} olan elementlerden {} değerine eşit olanın yanındaki {} li tipi {} elemente {} tıkla"  parameterizedStepValue:"<span[data-testid='passengerTitle']> li tipi <css> olan elementlerden <text> değerine eşit olanın yanındaki <../following-sibling::div/button[contains(@data-testid, 'passengerCountIncrease')]> li tipi <xpath> elemente <kez> tıkla"  parameters:"span[data-testid='passengerTitle']"  parameters:"css"  parameters:"text"  parameters:"../following-sibling::div/button[contains(@data-testid, 'passengerCountIncrease')]"  parameters:"xpath"  parameters:"kez"}}
13-11-2023 16:40:24.665 [Gauge] [DEBUG] Api Request Received: messageType:GetStepValueRequest  messageId:4  stepValueRequest:{stepText:"\"span[data-testid='passengerTitle']\" li tipi \"css\" olan elementlerden <text> değerine eşit olanın yanındaki \"../following-sibling::div/span[@class='PassengerBox__type__count']\" li tipi \"xpath\" elementin texti <text> mi?"}
13-11-2023 16:40:24.665 [Gauge] [DEBUG] Sending API response: messageType:GetStepValueResponse  messageId:4  stepValueResponse:{stepValue:{stepValue:"{} li tipi {} olan elementlerden {} değerine eşit olanın yanındaki {} li tipi {} elementin texti {} mi?"  parameterizedStepValue:"<span[data-testid='passengerTitle']> li tipi <css> olan elementlerden <text> değerine eşit olanın yanındaki <../following-sibling::div/span[@class='PassengerBox__type__count']> li tipi <xpath> elementin texti <text> mi?"  parameters:"span[data-testid='passengerTitle']"  parameters:"css"  parameters:"text"  parameters:"../following-sibling::div/span[@class='PassengerBox__type__count']"  parameters:"xpath"  parameters:"text"}}
13-11-2023 16:40:24.770 [Gauge] [DEBUG] Api Request Received: messageType:GetStepValueRequest  messageId:4  stepValueRequest:{stepText:"\".cabinClassButton > button\" selectorlu tipi \"css\" olan elementlerden <text> değerine eşit olana tıkla"}
13-11-2023 16:40:24.770 [Gauge] [DEBUG] Sending API response: messageType:GetStepValueResponse  messageId:4  stepValueResponse:{stepValue:{stepValue:"{} selectorlu tipi {} olan elementlerden {} değerine eşit olana tıkla"  parameterizedStepValue:"<.cabinClassButton > button> selectorlu tipi <css> olan elementlerden <text> değerine eşit olana tıkla"  parameters:".cabinClassButton > button"  parameters:"css"  parameters:"text"}}
13-11-2023 16:40:24.851 [Gauge] [DEBUG] Api Request Received: messageType:GetStepValueRequest  messageId:4  stepValueRequest:{stepText:"\"button[data-testid='okButtonMulti']\" selectorlu tipi \"css\" olan elemente tıkla"}
13-11-2023 16:40:24.852 [Gauge] [DEBUG] Sending API response: messageType:GetStepValueResponse  messageId:4  stepValueResponse:{stepValue:{stepValue:"{} selectorlu tipi {} olan elemente tıkla"  parameterizedStepValue:"<button[data-testid='okButtonMulti']> selectorlu tipi <css> olan elemente tıkla"  parameters:"button[data-testid='okButtonMulti']"  parameters:"css"}}
13-11-2023 16:40:24.923 [Gauge] [DEBUG] Api Request Received: messageType:GetStepValueRequest  messageId:4  stepValueRequest:{stepText:"\"button[data-testid='formSubmitButton']\" selectorlu tipi \"css\" olan elemente tıkla"}
13-11-2023 16:40:24.924 [Gauge] [DEBUG] Sending API response: messageType:GetStepValueResponse  messageId:4  stepValueResponse:{stepValue:{stepValue:"{} selectorlu tipi {} olan elemente tıkla"  parameterizedStepValue:"<button[data-testid='formSubmitButton']> selectorlu tipi <css> olan elemente tıkla"  parameters:"button[data-testid='formSubmitButton']"  parameters:"css"}}
13-11-2023 16:40:24.994 [Gauge] [DEBUG] Api Request Received: messageType:GetStepValueRequest  messageId:4  stepValueRequest:{stepText:"\"lotie-animation\" selectorlu tipi \"id\" olan elementi görünmeyene kadar bekle"}
13-11-2023 16:40:24.995 [Gauge] [DEBUG] Sending API response: messageType:GetStepValueResponse  messageId:4  stepValueResponse:{stepValue:{stepValue:"{} selectorlu tipi {} olan elementi görünmeyene kadar bekle"  parameterizedStepValue:"<lotie-animation> selectorlu tipi <id> olan elementi görünmeyene kadar bekle"  parameters:"lotie-animation"  parameters:"id"}}
13-11-2023 16:40:25.066 [Gauge] [DEBUG] Api Request Received: messageType:GetStepValueRequest  messageId:4  stepValueRequest:{stepText:"\".flight-item__wrapper\" selectorlu tipi \"css\" olan element var mı?"}
13-11-2023 16:40:25.067 [Gauge] [DEBUG] Sending API response: messageType:GetStepValueResponse  messageId:4  stepValueResponse:{stepValue:{stepValue:"{} selectorlu tipi {} olan element var mı?"  parameterizedStepValue:"<.flight-item__wrapper> selectorlu tipi <css> olan element var mı?"  parameters:".flight-item__wrapper"  parameters:"css"}}
13-11-2023 16:41:52.022 [Gauge] [DEBUG] Api Request Received: messageType:GetStepValueRequest  messageId:4  stepValueRequest:{stepText:"<sn> sn bekle"}
13-11-2023 16:41:52.023 [Gauge] [DEBUG] Sending API response: messageType:GetStepValueResponse  messageId:4  stepValueResponse:{stepValue:{stepValue:"{} sn bekle"  parameterizedStepValue:"<sn> sn bekle"  parameters:"sn"}}
13-11-2023 16:41:52.024 [Gauge] [DEBUG] Api Request Received: messageType:GetStepValueRequest  messageId:4  stepValueRequest:{stepText:"<locator> selectorlu tipi <locatorType> olan elemente tıkla"}
13-11-2023 16:41:52.024 [Gauge] [DEBUG] Sending API response: messageType:GetStepValueResponse  messageId:4  stepValueResponse:{stepValue:{stepValue:"{} selectorlu tipi {} olan elemente tıkla"  parameterizedStepValue:"<locator> selectorlu tipi <locatorType> olan elemente tıkla"  parameters:"locator"  parameters:"locatorType"}}
13-11-2023 16:41:52.024 [Gauge] [DEBUG] Api Request Received: messageType:GetStepValueRequest  messageId:4  stepValueRequest:{stepText:"<locator> selectorlu tipi <locatorType> olan element var mı?"}
13-11-2023 16:41:52.025 [Gauge] [DEBUG] Sending API response: messageType:GetStepValueResponse  messageId:4  stepValueResponse:{stepValue:{stepValue:"{} selectorlu tipi {} olan element var mı?"  parameterizedStepValue:"<locator> selectorlu tipi <locatorType> olan element var mı?"  parameters:"locator"  parameters:"locatorType"}}
13-11-2023 16:41:52.025 [Gauge] [DEBUG] Api Request Received: messageType:GetStepValueRequest  messageId:4  stepValueRequest:{stepText:"<locator> selectorlu tipi <locatorType> olan elementi görünmeyene kadar bekle"}
13-11-2023 16:41:52.025 [Gauge] [DEBUG] Sending API response: messageType:GetStepValueResponse  messageId:4  stepValueResponse:{stepValue:{stepValue:"{} selectorlu tipi {} olan elementi görünmeyene kadar bekle"  parameterizedStepValue:"<locator> selectorlu tipi <locatorType> olan elementi görünmeyene kadar bekle"  parameters:"locator"  parameters:"locatorType"}}
13-11-2023 16:41:52.025 [Gauge] [DEBUG] Api Request Received: messageType:GetStepValueRequest  messageId:4  stepValueRequest:{stepText:"<locator> selectorlu tipi <locatorType> olan elemente <text> yaz"}
13-11-2023 16:41:52.026 [Gauge] [DEBUG] Sending API response: messageType:GetStepValueResponse  messageId:4  stepValueResponse:{stepValue:{stepValue:"{} selectorlu tipi {} olan elemente {} yaz"  parameterizedStepValue:"<locator> selectorlu tipi <locatorType> olan elemente <text> yaz"  parameters:"locator"  parameters:"locatorType"  parameters:"text"}}
13-11-2023 16:41:52.029 [Gauge] [DEBUG] Api Request Received: messageType:GetStepValueRequest  messageId:4  stepValueRequest:{stepText:"<locator> selectorlu tipi <locatorType> olan elementlerden <text> değerine eşit olana tıkla"}
13-11-2023 16:41:52.030 [Gauge] [DEBUG] Sending API response: messageType:GetStepValueResponse  messageId:4  stepValueResponse:{stepValue:{stepValue:"{} selectorlu tipi {} olan elementlerden {} değerine eşit olana tıkla"  parameterizedStepValue:"<locator> selectorlu tipi <locatorType> olan elementlerden <text> değerine eşit olana tıkla"  parameters:"locator"  parameters:"locatorType"  parameters:"text"}}
13-11-2023 16:41:52.043 [Gauge] [DEBUG] Api Request Received: messageType:GetStepValueRequest  messageId:4  stepValueRequest:{stepText:"<locator> li tipi <locatorType> olan elementlerden <text> değerine eşit olanın yanındaki <locator2> li tipi <locatorType2> elemente <kez> tıkla"}
13-11-2023 16:41:52.043 [Gauge] [DEBUG] Sending API response: messageType:GetStepValueResponse  messageId:4  stepValueResponse:{stepValue:{stepValue:"{} li tipi {} olan elementlerden {} değerine eşit olanın yanındaki {} li tipi {} elemente {} tıkla"  parameterizedStepValue:"<locator> li tipi <locatorType> olan elementlerden <text> değerine eşit olanın yanındaki <locator2> li tipi <locatorType2> elemente <kez> tıkla"  parameters:"locator"  parameters:"locatorType"  parameters:"text"  parameters:"locator2"  parameters:"locatorType2"  parameters:"kez"}}
13-11-2023 16:41:52.044 [Gauge] [DEBUG] Api Request Received: messageType:GetStepValueRequest  messageId:4  stepValueRequest:{stepText:"<locator> li tipi <locatorType> olan elementlerden <text> değerine eşit olanın yanındaki <locator2> li tipi <locatorType2> elementin texti <text2> mi?"}
13-11-2023 16:41:52.044 [Gauge] [DEBUG] Sending API response: messageType:GetStepValueResponse  messageId:4  stepValueResponse:{stepValue:{stepValue:"{} li tipi {} olan elementlerden {} değerine eşit olanın yanındaki {} li tipi {} elementin texti {} mi?"  parameterizedStepValue:"<locator> li tipi <locatorType> olan elementlerden <text> değerine eşit olanın yanındaki <locator2> li tipi <locatorType2> elementin texti <text2> mi?"  parameters:"locator"  parameters:"locatorType"  parameters:"text"  parameters:"locator2"  parameters:"locatorType2"  parameters:"text2"}}
13-11-2023 16:42:16.771 [Gauge] [INFO] Initializing concepts cache with 13 concepts
13-11-2023 16:42:16.771 [Gauge] [DEBUG] Adding concepts from C:\Users\HP\IdeaProjects\enUygun\specs\Concepts\enuygun.cpt
13-11-2023 16:42:16.771 [Gauge] [DEBUG] Adding concepts from C:\Users\HP\IdeaProjects\enUygun\specs\Concepts\enuygun.cpt
13-11-2023 16:42:16.771 [Gauge] [DEBUG] Adding concepts from C:\Users\HP\IdeaProjects\enUygun\specs\Concepts\enuygun.cpt
13-11-2023 16:42:16.771 [Gauge] [DEBUG] Adding concepts from C:\Users\HP\IdeaProjects\enUygun\specs\Concepts\enuygun.cpt
13-11-2023 16:42:16.771 [Gauge] [DEBUG] Adding concepts from C:\Users\HP\IdeaProjects\enUygun\specs\Concepts\enuygun.cpt
13-11-2023 16:42:16.771 [Gauge] [DEBUG] Adding concepts from C:\Users\HP\IdeaProjects\enUygun\specs\Concepts\enuygun.cpt
13-11-2023 16:42:16.771 [Gauge] [DEBUG] Adding concepts from C:\Users\HP\IdeaProjects\enUygun\specs\Concepts\enuygun.cpt
13-11-2023 16:42:16.771 [Gauge] [DEBUG] Adding concepts from C:\Users\HP\IdeaProjects\enUygun\specs\Concepts\enuygun.cpt
13-11-2023 16:42:16.771 [Gauge] [DEBUG] Adding concepts from C:\Users\HP\IdeaProjects\enUygun\specs\Concepts\enuygun.cpt
13-11-2023 16:42:16.772 [Gauge] [DEBUG] Adding concepts from C:\Users\HP\IdeaProjects\enUygun\specs\Concepts\enuygun.cpt
13-11-2023 16:42:16.772 [Gauge] [DEBUG] Adding concepts from C:\Users\HP\IdeaProjects\enUygun\specs\Concepts\enuygun.cpt
13-11-2023 16:42:16.772 [Gauge] [DEBUG] Adding concepts from C:\Users\HP\IdeaProjects\enUygun\specs\Concepts\enuygun.cpt
13-11-2023 16:42:16.772 [Gauge] [DEBUG] Adding concepts from C:\Users\HP\IdeaProjects\enUygun\specs\Concepts\enuygun.cpt
13-11-2023 16:42:16.786 [Gauge] [INFO] Initializing specs cache with 1 specs
13-11-2023 16:42:16.786 [Gauge] [DEBUG] Adding specs from C:\Users\HP\IdeaProjects\enUygun\specs\Scenarios\enuygun.spec
13-11-2023 16:42:16.787 [Gauge] [INFO] Initializing steps cache with 2 steps
13-11-2023 16:42:16.787 [Gauge] [INFO] Gauge daemon initialized and listening on port: 49462
13-11-2023 16:42:16.789 [Gauge] [DEBUG] Watching directory: C:\Users\HP\IdeaProjects\enUygun\specs
13-11-2023 16:42:16.789 [Gauge] [DEBUG] Found 2 files
13-11-2023 16:42:16.789 [Gauge] [DEBUG] Watching directory: C:\Users\HP\IdeaProjects\enUygun\specs\Concepts
13-11-2023 16:42:16.789 [Gauge] [DEBUG] Found 1 files
13-11-2023 16:42:16.789 [Gauge] [DEBUG] Watching directory: C:\Users\HP\IdeaProjects\enUygun\specs\Scenarios
13-11-2023 16:42:16.789 [Gauge] [DEBUG] Found 1 files
13-11-2023 16:52:09.263 [Gauge] [DEBUG] Api Request Received: messageType:GetStepValueRequest  messageId:4  stepValueRequest:{stepText:"* <url> urline gidilir."}
13-11-2023 16:52:09.263 [Gauge] [DEBUG] Sending API response: messageType:GetStepValueResponse  messageId:4  stepValueResponse:{stepValue:{stepValue:"* {} urline gidilir."  parameterizedStepValue:"* <url> urline gidilir."  parameters:"url"}}
13-11-2023 16:52:09.264 [Gauge] [DEBUG] Api Request Received: messageType:GetStepValueRequest  messageId:4  stepValueRequest:{stepText:"* \"OriginInput\" selectorlu tipi \"id\" olan elemente <text> yaz"}
13-11-2023 16:52:09.264 [Gauge] [DEBUG] Sending API response: messageType:GetStepValueResponse  messageId:4  stepValueResponse:{stepValue:{stepValue:"* {} selectorlu tipi {} olan elemente {} yaz"  parameterizedStepValue:"* <OriginInput> selectorlu tipi <id> olan elemente <text> yaz"  parameters:"OriginInput"  parameters:"id"  parameters:"text"}}
13-11-2023 16:52:09.265 [Gauge] [DEBUG] Api Request Received: messageType:GetStepValueRequest  messageId:4  stepValueRequest:{stepText:"* \".airport > span\" selectorlu tipi \"css\" olan elementlerden <text2> değerine eşit olana tıkla"}
13-11-2023 16:52:09.265 [Gauge] [DEBUG] Sending API response: messageType:GetStepValueResponse  messageId:4  stepValueResponse:{stepValue:{stepValue:"* {} selectorlu tipi {} olan elementlerden {} değerine eşit olana tıkla"  parameterizedStepValue:"* <.airport > span> selectorlu tipi <css> olan elementlerden <text2> değerine eşit olana tıkla"  parameters:".airport > span"  parameters:"css"  parameters:"text2"}}
13-11-2023 16:52:09.266 [Gauge] [DEBUG] Api Request Received: messageType:GetStepValueRequest  messageId:4  stepValueRequest:{stepText:"* \"DestinationInput\" selectorlu tipi \"id\" olan elemente <text> yaz"}
13-11-2023 16:52:09.266 [Gauge] [DEBUG] Sending API response: messageType:GetStepValueResponse  messageId:4  stepValueResponse:{stepValue:{stepValue:"* {} selectorlu tipi {} olan elemente {} yaz"  parameterizedStepValue:"* <DestinationInput> selectorlu tipi <id> olan elemente <text> yaz"  parameters:"DestinationInput"  parameters:"id"  parameters:"text"}}
13-11-2023 16:52:09.266 [Gauge] [DEBUG] Api Request Received: messageType:GetStepValueRequest  messageId:4  stepValueRequest:{stepText:"* \"DepartureDate\" selectorlu tipi \"id\" olan elemente tıkla"}
13-11-2023 16:52:09.267 [Gauge] [DEBUG] Sending API response: messageType:GetStepValueResponse  messageId:4  stepValueResponse:{stepValue:{stepValue:"* {} selectorlu tipi {} olan elemente tıkla"  parameterizedStepValue:"* <DepartureDate> selectorlu tipi <id> olan elemente tıkla"  parameters:"DepartureDate"  parameters:"id"}}
13-11-2023 16:52:09.268 [Gauge] [DEBUG] Api Request Received: messageType:GetStepValueRequest  messageId:4  stepValueRequest:{stepText:"* Tarih <tarih> olarak seçilir."}
13-11-2023 16:52:09.268 [Gauge] [DEBUG] Sending API response: messageType:GetStepValueResponse  messageId:4  stepValueResponse:{stepValue:{stepValue:"* Tarih {} olarak seçilir."  parameterizedStepValue:"* Tarih <tarih> olarak seçilir."  parameters:"tarih"}}
13-11-2023 16:52:09.268 [Gauge] [DEBUG] Api Request Received: messageType:GetStepValueRequest  messageId:4  stepValueRequest:{stepText:"* \".CalendarMonth[data-visible='true'] .CalendarDay:not(.CalendarDay__blocked_out_of_range)\" selectorlu tipi \"css\" olan elementlerden <gun> değerine eşit olana tıkla"}
13-11-2023 16:52:09.268 [Gauge] [DEBUG] Sending API response: messageType:GetStepValueResponse  messageId:4  stepValueResponse:{stepValue:{stepValue:"* {} selectorlu tipi {} olan elementlerden {} değerine eşit olana tıkla"  parameterizedStepValue:"* <.CalendarMonth[data-visible='true'] .CalendarDay:not(.CalendarDay__blocked_out_of_range)> selectorlu tipi <css> olan elementlerden <gun> değerine eşit olana tıkla"  parameters:".CalendarMonth[data-visible='true'] .CalendarDay:not(.CalendarDay__blocked_out_of_range)"  parameters:"css"  parameters:"gun"}}
13-11-2023 16:52:09.268 [Gauge] [DEBUG] Api Request Received: messageType:GetStepValueRequest  messageId:4  stepValueRequest:{stepText:"* \"ReturnDate\" selectorlu tipi \"id\" olan elemente tıkla"}
13-11-2023 16:52:09.269 [Gauge] [DEBUG] Sending API response: messageType:GetStepValueResponse  messageId:4  stepValueResponse:{stepValue:{stepValue:"* {} selectorlu tipi {} olan elemente tıkla"  parameterizedStepValue:"* <ReturnDate> selectorlu tipi <id> olan elemente tıkla"  parameters:"ReturnDate"  parameters:"id"}}
13-11-2023 16:52:09.269 [Gauge] [DEBUG] Api Request Received: messageType:GetStepValueRequest  messageId:4  stepValueRequest:{stepText:"* \"transitFilter\" selectorlu tipi \"id\" olan elemente tıkla"}
13-11-2023 16:52:09.269 [Gauge] [DEBUG] Sending API response: messageType:GetStepValueResponse  messageId:4  stepValueResponse:{stepValue:{stepValue:"* {} selectorlu tipi {} olan elemente tıkla"  parameterizedStepValue:"* <transitFilter> selectorlu tipi <id> olan elemente tıkla"  parameters:"transitFilter"  parameters:"id"}}
13-11-2023 16:52:09.269 [Gauge] [DEBUG] Api Request Received: messageType:GetStepValueRequest  messageId:4  stepValueRequest:{stepText:"* \".passenger-select-button\" selectorlu tipi \"css\" olan elemente tıkla"}
13-11-2023 16:52:09.270 [Gauge] [DEBUG] Sending API response: messageType:GetStepValueResponse  messageId:4  stepValueResponse:{stepValue:{stepValue:"* {} selectorlu tipi {} olan elemente tıkla"  parameterizedStepValue:"* <.passenger-select-button> selectorlu tipi <css> olan elemente tıkla"  parameters:".passenger-select-button"  parameters:"css"}}
13-11-2023 16:52:09.270 [Gauge] [DEBUG] Api Request Received: messageType:GetStepValueRequest  messageId:4  stepValueRequest:{stepText:"* \"span[data-testid='passengerTitle']\" li tipi \"css\" olan elementlerden <text> değerine eşit olanın yanındaki \"../following-sibling::div/button[contains(@data-testid, 'passengerCountIncrease')]\" li tipi \"xpath\" elemente <kez> tıkla"}
13-11-2023 16:52:09.270 [Gauge] [DEBUG] Sending API response: messageType:GetStepValueResponse  messageId:4  stepValueResponse:{stepValue:{stepValue:"* {} li tipi {} olan elementlerden {} değerine eşit olanın yanındaki {} li tipi {} elemente {} tıkla"  parameterizedStepValue:"* <span[data-testid='passengerTitle']> li tipi <css> olan elementlerden <text> değerine eşit olanın yanındaki <../following-sibling::div/button[contains(@data-testid, 'passengerCountIncrease')]> li tipi <xpath> elemente <kez> tıkla"  parameters:"span[data-testid='passengerTitle']"  parameters:"css"  parameters:"text"  parameters:"../following-sibling::div/button[contains(@data-testid, 'passengerCountIncrease')]"  parameters:"xpath"  parameters:"kez"}}
13-11-2023 16:52:09.270 [Gauge] [DEBUG] Api Request Received: messageType:GetStepValueRequest  messageId:4  stepValueRequest:{stepText:"* \"span[data-testid='passengerTitle']\" li tipi \"css\" olan elementlerden <text> değerine eşit olanın yanındaki \"../following-sibling::div/span[@class='PassengerBox__type__count']\" li tipi \"xpath\" elementin texti <text> mi?"}
13-11-2023 16:52:09.274 [Gauge] [DEBUG] Sending API response: messageType:GetStepValueResponse  messageId:4  stepValueResponse:{stepValue:{stepValue:"* {} li tipi {} olan elementlerden {} değerine eşit olanın yanındaki {} li tipi {} elementin texti {} mi?"  parameterizedStepValue:"* <span[data-testid='passengerTitle']> li tipi <css> olan elementlerden <text> değerine eşit olanın yanındaki <../following-sibling::div/span[@class='PassengerBox__type__count']> li tipi <xpath> elementin texti <text> mi?"  parameters:"span[data-testid='passengerTitle']"  parameters:"css"  parameters:"text"  parameters:"../following-sibling::div/span[@class='PassengerBox__type__count']"  parameters:"xpath"  parameters:"text"}}
13-11-2023 16:52:09.276 [Gauge] [DEBUG] Api Request Received: messageType:GetStepValueRequest  messageId:4  stepValueRequest:{stepText:"* \".cabinClassButton > button\" selectorlu tipi \"css\" olan elementlerden <text> değerine eşit olana tıkla"}
13-11-2023 16:52:09.276 [Gauge] [DEBUG] Sending API response: messageType:GetStepValueResponse  messageId:4  stepValueResponse:{stepValue:{stepValue:"* {} selectorlu tipi {} olan elementlerden {} değerine eşit olana tıkla"  parameterizedStepValue:"* <.cabinClassButton > button> selectorlu tipi <css> olan elementlerden <text> değerine eşit olana tıkla"  parameters:".cabinClassButton > button"  parameters:"css"  parameters:"text"}}
13-11-2023 16:52:09.277 [Gauge] [DEBUG] Api Request Received: messageType:GetStepValueRequest  messageId:4  stepValueRequest:{stepText:"* \"button[data-testid='okButtonMulti']\" selectorlu tipi \"css\" olan elemente tıkla"}
13-11-2023 16:52:09.277 [Gauge] [DEBUG] Sending API response: messageType:GetStepValueResponse  messageId:4  stepValueResponse:{stepValue:{stepValue:"* {} selectorlu tipi {} olan elemente tıkla"  parameterizedStepValue:"* <button[data-testid='okButtonMulti']> selectorlu tipi <css> olan elemente tıkla"  parameters:"button[data-testid='okButtonMulti']"  parameters:"css"}}
13-11-2023 16:52:09.278 [Gauge] [DEBUG] Api Request Received: messageType:GetStepValueRequest  messageId:4  stepValueRequest:{stepText:"* \"button[data-testid='formSubmitButton']\" selectorlu tipi \"css\" olan elemente tıkla"}
13-11-2023 16:52:09.278 [Gauge] [DEBUG] Sending API response: messageType:GetStepValueResponse  messageId:4  stepValueResponse:{stepValue:{stepValue:"* {} selectorlu tipi {} olan elemente tıkla"  parameterizedStepValue:"* <button[data-testid='formSubmitButton']> selectorlu tipi <css> olan elemente tıkla"  parameters:"button[data-testid='formSubmitButton']"  parameters:"css"}}
13-11-2023 16:52:09.279 [Gauge] [DEBUG] Api Request Received: messageType:GetStepValueRequest  messageId:4  stepValueRequest:{stepText:"* \"lotie-animation\" selectorlu tipi \"id\" olan elementi görünmeyene kadar bekle"}
13-11-2023 16:52:09.279 [Gauge] [DEBUG] Sending API response: messageType:GetStepValueResponse  messageId:4  stepValueResponse:{stepValue:{stepValue:"* {} selectorlu tipi {} olan elementi görünmeyene kadar bekle"  parameterizedStepValue:"* <lotie-animation> selectorlu tipi <id> olan elementi görünmeyene kadar bekle"  parameters:"lotie-animation"  parameters:"id"}}
13-11-2023 16:52:09.279 [Gauge] [DEBUG] Api Request Received: messageType:GetStepValueRequest  messageId:4  stepValueRequest:{stepText:"* \".flight-item__wrapper\" selectorlu tipi \"css\" olan element var mı?"}
13-11-2023 16:52:09.280 [Gauge] [DEBUG] Sending API response: messageType:GetStepValueResponse  messageId:4  stepValueResponse:{stepValue:{stepValue:"* {} selectorlu tipi {} olan element var mı?"  parameterizedStepValue:"* <.flight-item__wrapper> selectorlu tipi <css> olan element var mı?"  parameters:".flight-item__wrapper"  parameters:"css"}}
13-11-2023 16:52:09.280 [Gauge] [DEBUG] Api Request Received: messageType:GetStepValueRequest  messageId:4  stepValueRequest:{stepText:"\"https://www.enuygun.com/\" sayfasına gidilir."}
13-11-2023 16:52:09.280 [Gauge] [DEBUG] Sending API response: messageType:GetStepValueResponse  messageId:4  stepValueResponse:{stepValue:{stepValue:"{} sayfasına gidilir."  parameterizedStepValue:"<https://www.enuygun.com/> sayfasına gidilir."  parameters:"https://www.enuygun.com/"}}
13-11-2023 16:52:09.280 [Gauge] [DEBUG] Api Request Received: messageType:GetStepValueRequest  messageId:4  stepValueRequest:{stepText:"Nereden alanına \"İstanbul\" yazılır ve \"Sabiha Gökçen Havalimanı\" seçilir."}
13-11-2023 16:52:09.280 [Gauge] [DEBUG] Sending API response: messageType:GetStepValueResponse  messageId:4  stepValueResponse:{stepValue:{stepValue:"Nereden alanına {} yazılır ve {} seçilir."  parameterizedStepValue:"Nereden alanına <İstanbul> yazılır ve <Sabiha Gökçen Havalimanı> seçilir."  parameters:"İstanbul"  parameters:"Sabiha Gökçen Havalimanı"}}
13-11-2023 16:52:09.281 [Gauge] [DEBUG] Api Request Received: messageType:GetStepValueRequest  messageId:4  stepValueRequest:{stepText:"Nereye alanına \"Ankara\" yazılır ve \"Esenboğa Havalimanı\" seçilir."}
13-11-2023 16:52:09.281 [Gauge] [DEBUG] Sending API response: messageType:GetStepValueResponse  messageId:4  stepValueResponse:{stepValue:{stepValue:"Nereye alanına {} yazılır ve {} seçilir."  parameterizedStepValue:"Nereye alanına <Ankara> yazılır ve <Esenboğa Havalimanı> seçilir."  parameters:"Ankara"  parameters:"Esenboğa Havalimanı"}}
13-11-2023 16:52:09.282 [Gauge] [DEBUG] Api Request Received: messageType:GetStepValueRequest  messageId:4  stepValueRequest:{stepText:"Gidiş tarihi alanından gün \"19\" tarih \"Kasım 2023\" olarak seçilir."}
13-11-2023 16:52:09.282 [Gauge] [DEBUG] Sending API response: messageType:GetStepValueResponse  messageId:4  stepValueResponse:{stepValue:{stepValue:"Gidiş tarihi alanından gün {} tarih {} olarak seçilir."  parameterizedStepValue:"Gidiş tarihi alanından gün <19> tarih <Kasım 2023> olarak seçilir."  parameters:"19"  parameters:"Kasım 2023"}}
13-11-2023 16:52:09.283 [Gauge] [DEBUG] Api Request Received: messageType:GetStepValueRequest  messageId:4  stepValueRequest:{stepText:"Dönüş tarihi alanından gün \"24\" tarih \"Kasım 2023\" olarak seçilir."}
13-11-2023 16:52:09.283 [Gauge] [DEBUG] Sending API response: messageType:GetStepValueResponse  messageId:4  stepValueResponse:{stepValue:{stepValue:"Dönüş tarihi alanından gün {} tarih {} olarak seçilir."  parameterizedStepValue:"Dönüş tarihi alanından gün <24> tarih <Kasım 2023> olarak seçilir."  parameters:"24"  parameters:"Kasım 2023"}}
13-11-2023 16:52:09.284 [Gauge] [DEBUG] Api Request Received: messageType:GetStepValueRequest  messageId:4  stepValueRequest:{stepText:"Aktarmasız checkbox işaretlenir."}
13-11-2023 16:52:09.284 [Gauge] [DEBUG] Sending API response: messageType:GetStepValueResponse  messageId:4  stepValueResponse:{stepValue:{stepValue:"Aktarmasız checkbox işaretlenir."  parameterizedStepValue:"Aktarmasız checkbox işaretlenir."}}
13-11-2023 16:52:09.285 [Gauge] [DEBUG] Api Request Received: messageType:GetStepValueRequest  messageId:4  stepValueRequest:{stepText:"Yolcu seçme alanına tıklanır."}
13-11-2023 16:52:09.285 [Gauge] [DEBUG] Sending API response: messageType:GetStepValueResponse  messageId:4  stepValueResponse:{stepValue:{stepValue:"Yolcu seçme alanına tıklanır."  parameterizedStepValue:"Yolcu seçme alanına tıklanır."}}
13-11-2023 16:52:09.285 [Gauge] [DEBUG] Api Request Received: messageType:GetStepValueRequest  messageId:4  stepValueRequest:{stepText:"Yolcu alanından \"Yetişkin\" sayısı \"1\" artırılır."}
13-11-2023 16:52:09.286 [Gauge] [DEBUG] Sending API response: messageType:GetStepValueResponse  messageId:4  stepValueResponse:{stepValue:{stepValue:"Yolcu alanından {} sayısı {} artırılır."  parameterizedStepValue:"Yolcu alanından <Yetişkin> sayısı <1> artırılır."  parameters:"Yetişkin"  parameters:"1"}}
13-11-2023 16:52:09.286 [Gauge] [DEBUG] Api Request Received: messageType:GetStepValueRequest  messageId:4  stepValueRequest:{stepText:"Yolcu alanından \"Yetişkin\" sayısı \"2\" olduğu kontrol edilir."}
13-11-2023 16:52:09.286 [Gauge] [DEBUG] Sending API response: messageType:GetStepValueResponse  messageId:4  stepValueResponse:{stepValue:{stepValue:"Yolcu alanından {} sayısı {} olduğu kontrol edilir."  parameterizedStepValue:"Yolcu alanından <Yetişkin> sayısı <2> olduğu kontrol edilir."  parameters:"Yetişkin"  parameters:"2"}}
13-11-2023 16:52:09.287 [Gauge] [DEBUG] Api Request Received: messageType:GetStepValueRequest  messageId:4  stepValueRequest:{stepText:"Bilet sınıfı \"Ekonomi\" olarak seçilir."}
13-11-2023 16:52:09.287 [Gauge] [DEBUG] Sending API response: messageType:GetStepValueResponse  messageId:4  stepValueResponse:{stepValue:{stepValue:"Bilet sınıfı {} olarak seçilir."  parameterizedStepValue:"Bilet sınıfı <Ekonomi> olarak seçilir."  parameters:"Ekonomi"}}
13-11-2023 16:52:09.288 [Gauge] [DEBUG] Api Request Received: messageType:GetStepValueRequest  messageId:4  stepValueRequest:{stepText:"Tamam butonuna tıklanır."}
13-11-2023 16:52:09.288 [Gauge] [DEBUG] Sending API response: messageType:GetStepValueResponse  messageId:4  stepValueResponse:{stepValue:{stepValue:"Tamam butonuna tıklanır."  parameterizedStepValue:"Tamam butonuna tıklanır."}}
13-11-2023 16:52:09.288 [Gauge] [DEBUG] Api Request Received: messageType:GetStepValueRequest  messageId:4  stepValueRequest:{stepText:"Ucuz Bilet bul butonuna tıklanır."}
13-11-2023 16:52:09.289 [Gauge] [DEBUG] Sending API response: messageType:GetStepValueResponse  messageId:4  stepValueResponse:{stepValue:{stepValue:"Ucuz Bilet bul butonuna tıklanır."  parameterizedStepValue:"Ucuz Bilet bul butonuna tıklanır."}}
13-11-2023 16:52:09.289 [Gauge] [DEBUG] Api Request Received: messageType:GetStepValueRequest  messageId:4  stepValueRequest:{stepText:"Uçak biletlerinin geldiği kontrol edilir."}
13-11-2023 16:52:09.289 [Gauge] [DEBUG] Sending API response: messageType:GetStepValueResponse  messageId:4  stepValueResponse:{stepValue:{stepValue:"Uçak biletlerinin geldiği kontrol edilir."  parameterizedStepValue:"Uçak biletlerinin geldiği kontrol edilir."}}
13-11-2023 16:52:29.863 [Gauge] [INFO] Initializing concepts cache with 13 concepts
13-11-2023 16:52:29.864 [Gauge] [DEBUG] Adding concepts from C:\Users\HP\IdeaProjects\enUygun\specs\Concepts\enuygun.cpt
13-11-2023 16:52:29.864 [Gauge] [DEBUG] Adding concepts from C:\Users\HP\IdeaProjects\enUygun\specs\Concepts\enuygun.cpt
13-11-2023 16:52:29.864 [Gauge] [DEBUG] Adding concepts from C:\Users\HP\IdeaProjects\enUygun\specs\Concepts\enuygun.cpt
13-11-2023 16:52:29.864 [Gauge] [DEBUG] Adding concepts from C:\Users\HP\IdeaProjects\enUygun\specs\Concepts\enuygun.cpt
13-11-2023 16:52:29.864 [Gauge] [DEBUG] Adding concepts from C:\Users\HP\IdeaProjects\enUygun\specs\Concepts\enuygun.cpt
13-11-2023 16:52:29.864 [Gauge] [DEBUG] Adding concepts from C:\Users\HP\IdeaProjects\enUygun\specs\Concepts\enuygun.cpt
13-11-2023 16:52:29.864 [Gauge] [DEBUG] Adding concepts from C:\Users\HP\IdeaProjects\enUygun\specs\Concepts\enuygun.cpt
13-11-2023 16:52:29.864 [Gauge] [DEBUG] Adding concepts from C:\Users\HP\IdeaProjects\enUygun\specs\Concepts\enuygun.cpt
13-11-2023 16:52:29.864 [Gauge] [DEBUG] Adding concepts from C:\Users\HP\IdeaProjects\enUygun\specs\Concepts\enuygun.cpt
13-11-2023 16:52:29.864 [Gauge] [DEBUG] Adding concepts from C:\Users\HP\IdeaProjects\enUygun\specs\Concepts\enuygun.cpt
13-11-2023 16:52:29.864 [Gauge] [DEBUG] Adding concepts from C:\Users\HP\IdeaProjects\enUygun\specs\Concepts\enuygun.cpt
13-11-2023 16:52:29.864 [Gauge] [DEBUG] Adding concepts from C:\Users\HP\IdeaProjects\enUygun\specs\Concepts\enuygun.cpt
13-11-2023 16:52:29.864 [Gauge] [DEBUG] Adding concepts from C:\Users\HP\IdeaProjects\enUygun\specs\Concepts\enuygun.cpt
13-11-2023 16:52:29.867 [Gauge] [INFO] Initializing specs cache with 1 specs
13-11-2023 16:52:29.867 [Gauge] [DEBUG] Adding specs from C:\Users\HP\IdeaProjects\enUygun\specs\Scenarios\enuygun.spec
13-11-2023 16:52:29.867 [Gauge] [INFO] Initializing steps cache with 2 steps
13-11-2023 16:52:29.867 [Gauge] [INFO] Gauge daemon initialized and listening on port: 49639
13-11-2023 16:52:29.869 [Gauge] [DEBUG] Watching directory: C:\Users\HP\IdeaProjects\enUygun\specs
13-11-2023 16:52:29.870 [Gauge] [DEBUG] Found 2 files
13-11-2023 16:52:29.870 [Gauge] [DEBUG] Watching directory: C:\Users\HP\IdeaProjects\enUygun\specs\Concepts
13-11-2023 16:52:29.870 [Gauge] [DEBUG] Found 1 files
13-11-2023 16:52:29.871 [Gauge] [DEBUG] Watching directory: C:\Users\HP\IdeaProjects\enUygun\specs\Scenarios
13-11-2023 16:52:29.871 [Gauge] [DEBUG] Found 1 files
